\BOOKMARK [1][-]{section.1}{Ζητήματα}{}% 1
\BOOKMARK [2][-]{subsection.1.1}{Ζήτημα 1}{section.1}% 2
\BOOKMARK [2][-]{subsection.1.2}{Ζήτημα 2}{section.1}% 3
\BOOKMARK [2][-]{subsection.1.3}{Ζήτημα 3}{section.1}% 4
\BOOKMARK [2][-]{subsection.1.4}{Ζήτημα 4}{section.1}% 5
\BOOKMARK [2][-]{subsection.1.5}{Ζήτημα 5}{section.1}% 6
\BOOKMARK [2][-]{subsection.1.6}{Ζήτημα 6}{section.1}% 7
\BOOKMARK [2][-]{subsection.1.7}{Ζήτημα 7}{section.1}% 8
\BOOKMARK [2][-]{subsection.1.8}{Ζήτημα 8}{section.1}% 9
\BOOKMARK [2][-]{subsection.1.9}{Ζήτημα 9}{section.1}% 10
\BOOKMARK [2][-]{subsection.1.10}{Ζήτημα 10}{section.1}% 11
\BOOKMARK [1][-]{section.2}{Προγράμματα}{}% 12
\BOOKMARK [2][-]{subsection.2.1}{Exercise1}{section.2}% 13
\BOOKMARK [2][-]{subsection.2.2}{DataLoader}{section.2}% 14
\BOOKMARK [2][-]{subsection.2.3}{Chartme}{section.2}% 15
\BOOKMARK [2][-]{subsection.2.4}{Exercise2}{section.2}% 16
\BOOKMARK [2][-]{subsection.2.5}{Exercise3}{section.2}% 17
\BOOKMARK [2][-]{subsection.2.6}{CIs}{section.2}% 18
\BOOKMARK [2][-]{subsection.2.7}{MeanP10}{section.2}% 19
\BOOKMARK [2][-]{subsection.2.8}{Exercise4}{section.2}% 20
\BOOKMARK [2][-]{subsection.2.9}{stdCIs}{section.2}% 21
\BOOKMARK [2][-]{subsection.2.10}{StdP10}{section.2}% 22
\BOOKMARK [2][-]{subsection.2.11}{Exercise5}{section.2}% 23
\BOOKMARK [2][-]{subsection.2.12}{AllCountries}{section.2}% 24
\BOOKMARK [2][-]{subsection.2.13}{corrme}{section.2}% 25
\BOOKMARK [2][-]{subsection.2.14}{Exercise6}{section.2}% 26
\BOOKMARK [2][-]{subsection.2.15}{AllActivities}{section.2}% 27
\BOOKMARK [2][-]{subsection.2.16}{Exercise7}{section.2}% 28
\BOOKMARK [2][-]{subsection.2.17}{AdjRCountries}{section.2}% 29
\BOOKMARK [2][-]{subsection.2.18}{polyme}{section.2}% 30
\BOOKMARK [2][-]{subsection.2.19}{Exercise8}{section.2}% 31
\BOOKMARK [2][-]{subsection.2.20}{mystepwise}{section.2}% 32
\BOOKMARK [2][-]{subsection.2.21}{StepfitCountries}{section.2}% 33
\BOOKMARK [2][-]{subsection.2.22}{Exercise9}{section.2}% 34
\BOOKMARK [2][-]{subsection.2.23}{mystepwiseAct}{section.2}% 35
\BOOKMARK [2][-]{subsection.2.24}{StepfitActivities}{section.2}% 36
\BOOKMARK [2][-]{subsection.2.25}{Exercise10}{section.2}% 37
\BOOKMARK [2][-]{subsection.2.26}{mytisan}{section.2}% 38
