This is pdfTeX, Version 3.14159265-2.6-1.40.18 (TeX Live 2017/Debian) (preloaded format=pdflatex 2018.10.30)  15 DEC 2018 12:47
entering extended mode
 restricted \write18 enabled.
 %&-line parsing enabled.
**Pi_sphere.tex
(./Pi_sphere.tex
LaTeX2e <2017-04-15>
Babel <3.18> and hyphenation patterns for 5 language(s) loaded.
(/usr/share/texlive/texmf-dist/tex/latex/base/article.cls
Document Class: article 2014/09/29 v1.4h Standard LaTeX document class
(/usr/share/texlive/texmf-dist/tex/latex/base/size10.clo
File: size10.clo 2014/09/29 v1.4h Standard LaTeX file (size option)
)
\c@part=\count79
\c@section=\count80
\c@subsection=\count81
\c@subsubsection=\count82
\c@paragraph=\count83
\c@subparagraph=\count84
\c@figure=\count85
\c@table=\count86
\abovecaptionskip=\skip41
\belowcaptionskip=\skip42
\bibindent=\dimen102
)
(/usr/share/texlive/texmf-dist/tex/latex/graphics/graphicx.sty
Package: graphicx 2017/06/01 v1.1a Enhanced LaTeX Graphics (DPC,SPQR)

(/usr/share/texlive/texmf-dist/tex/latex/graphics/keyval.sty
Package: keyval 2014/10/28 v1.15 key=value parser (DPC)
\KV@toks@=\toks14
)
(/usr/share/texlive/texmf-dist/tex/latex/graphics/graphics.sty
Package: graphics 2017/06/25 v1.2c Standard LaTeX Graphics (DPC,SPQR)

(/usr/share/texlive/texmf-dist/tex/latex/graphics/trig.sty
Package: trig 2016/01/03 v1.10 sin cos tan (DPC)
)
(/usr/share/texlive/texmf-dist/tex/latex/graphics-cfg/graphics.cfg
File: graphics.cfg 2016/06/04 v1.11 sample graphics configuration
)
Package graphics Info: Driver file: pdftex.def on input line 99.

(/usr/share/texlive/texmf-dist/tex/latex/graphics-def/pdftex.def
File: pdftex.def 2018/01/08 v1.0l Graphics/color driver for pdftex
))
\Gin@req@height=\dimen103
\Gin@req@width=\dimen104
)
(/usr/share/texlive/texmf-dist/tex/latex/graphics/color.sty
Package: color 2016/07/10 v1.1e Standard LaTeX Color (DPC)

(/usr/share/texlive/texmf-dist/tex/latex/graphics-cfg/color.cfg
File: color.cfg 2016/01/02 v1.6 sample color configuration
)
Package color Info: Driver file: pdftex.def on input line 147.
)
(./Pi_sphere.aux)
\openout1 = `Pi_sphere.aux'.

LaTeX Font Info:    Checking defaults for OML/cmm/m/it on input line 13.
LaTeX Font Info:    ... okay on input line 13.
LaTeX Font Info:    Checking defaults for T1/cmr/m/n on input line 13.
LaTeX Font Info:    ... okay on input line 13.
LaTeX Font Info:    Checking defaults for OT1/cmr/m/n on input line 13.
LaTeX Font Info:    ... okay on input line 13.
LaTeX Font Info:    Checking defaults for OMS/cmsy/m/n on input line 13.
LaTeX Font Info:    ... okay on input line 13.
LaTeX Font Info:    Checking defaults for OMX/cmex/m/n on input line 13.
LaTeX Font Info:    ... okay on input line 13.
LaTeX Font Info:    Checking defaults for U/cmr/m/n on input line 13.
LaTeX Font Info:    ... okay on input line 13.

(/usr/share/texlive/texmf-dist/tex/context/base/mkii/supp-pdf.mkii
[Loading MPS to PDF converter (version 2006.09.02).]
\scratchcounter=\count87
\scratchdimen=\dimen105
\scratchbox=\box26
\nofMPsegments=\count88
\nofMParguments=\count89
\everyMPshowfont=\toks15
\MPscratchCnt=\count90
\MPscratchDim=\dimen106
\MPnumerator=\count91
\makeMPintoPDFobject=\count92
\everyMPtoPDFconversion=\toks16
) (/usr/share/texlive/texmf-dist/tex/latex/oberdiek/epstopdf-base.sty
Package: epstopdf-base 2016/05/15 v2.6 Base part for package epstopdf

(/usr/share/texlive/texmf-dist/tex/generic/oberdiek/infwarerr.sty
Package: infwarerr 2016/05/16 v1.4 Providing info/warning/error messages (HO)
)
(/usr/share/texlive/texmf-dist/tex/latex/oberdiek/grfext.sty
Package: grfext 2016/05/16 v1.2 Manage graphics extensions (HO)

(/usr/share/texlive/texmf-dist/tex/generic/oberdiek/kvdefinekeys.sty
Package: kvdefinekeys 2016/05/16 v1.4 Define keys (HO)

(/usr/share/texlive/texmf-dist/tex/generic/oberdiek/ltxcmds.sty
Package: ltxcmds 2016/05/16 v1.23 LaTeX kernel commands for general use (HO)
)))
(/usr/share/texlive/texmf-dist/tex/latex/oberdiek/kvoptions.sty
Package: kvoptions 2016/05/16 v3.12 Key value format for package options (HO)

(/usr/share/texlive/texmf-dist/tex/generic/oberdiek/kvsetkeys.sty
Package: kvsetkeys 2016/05/16 v1.17 Key value parser (HO)

(/usr/share/texlive/texmf-dist/tex/generic/oberdiek/etexcmds.sty
Package: etexcmds 2016/05/16 v1.6 Avoid name clashes with e-TeX commands (HO)

(/usr/share/texlive/texmf-dist/tex/generic/oberdiek/ifluatex.sty
Package: ifluatex 2016/05/16 v1.4 Provides the ifluatex switch (HO)
Package ifluatex Info: LuaTeX not detected.
)
Package etexcmds Info: Could not find \expanded.
(etexcmds)             That can mean that you are not using pdfTeX 1.50 or
(etexcmds)             that some package has redefined \expanded.
(etexcmds)             In the latter case, load this package earlier.
)))
(/usr/share/texlive/texmf-dist/tex/generic/oberdiek/pdftexcmds.sty
Package: pdftexcmds 2018/01/21 v0.26 Utility functions of pdfTeX for LuaTeX (HO
)

(/usr/share/texlive/texmf-dist/tex/generic/oberdiek/ifpdf.sty
Package: ifpdf 2017/03/15 v3.2 Provides the ifpdf switch
)
Package pdftexcmds Info: LuaTeX not detected.
Package pdftexcmds Info: \pdf@primitive is available.
Package pdftexcmds Info: \pdf@ifprimitive is available.
Package pdftexcmds Info: \pdfdraftmode found.
)
Package epstopdf-base Info: Redefining graphics rule for `.eps' on input line 4
38.
Package grfext Info: Graphics extension search list:
(grfext)             [.pdf,.png,.jpg,.mps,.jpeg,.jbig2,.jb2,.PDF,.PNG,.JPG,.JPE
G,.JBIG2,.JB2,.eps]
(grfext)             \AppendGraphicsExtensions on input line 456.

(/usr/share/texlive/texmf-dist/tex/latex/latexconfig/epstopdf-sys.cfg
File: epstopdf-sys.cfg 2010/07/13 v1.3 Configuration of (r)epstopdf for TeX Liv
e
))
Overfull \hbox (22.4968pt too wide) in paragraph at lines 101--101
[]        \OT1/cmtt/m/n/10 [Is(i),pi_me(i),pi_er(i),timepi(i),Vc,points]=Pi_sph
eref(2^i);[] 
 []


Overfull \hbox (1.49698pt too wide) in paragraph at lines 101--101
[]            \OT1/cmtt/m/n/10 plot3(Vc(1,~points),Vc(2,~points),Vc(3,~points),
'b.');[] 
 []


Overfull \hbox (1.49698pt too wide) in paragraph at lines 101--101
[]        \OT1/cmtt/m/n/10 [Ib,pi_meb,pi_erb,timepib,Vcb,pointsb]=Pi_spheref(2^
nmax);[] 
 []


Overfull \hbox (22.4968pt too wide) in paragraph at lines 101--101
[]            \OT1/cmtt/m/n/10 [Ia,pi_mea,pi_era,timepia,Vca,pointsa]=Pi_sphere
f(2^nmax);[] 
 []


Overfull \hbox (174.74547pt too wide) in paragraph at lines 101--101
[]        \OT1/cmtt/m/n/10 [Is(i),pi_me(i),pi_er(i),timepi(i),Vc,points] = deal
(Ib,pi_meb,pi_erb,timepib,Vcb,pointsb);[] 
 []

[1

{/var/lib/texmf/fonts/map/pdftex/updmap/pdftex.map}]
Overfull \hbox (127.49588pt too wide) in paragraph at lines 101--101
[]    \OT1/cmtt/m/n/10 fprintf('%.2f%% Completed, Estimated remaining time %.2f
 minutes',100*i/imax,timerem);[] 
 []


Overfull \hbox (248.24483pt too wide) in paragraph at lines 101--101
[]    \OT1/cmtt/m/n/10 fprintf('Calculated Pi is %.8f with a Standard Error of 
%.8f and actual Pi is %.8f \n',pi_me(o),pi_er(o),pi);[] 
 []


Overfull \hbox (22.4968pt too wide) in paragraph at lines 119--119
[]\OT1/cmtt/m/n/10 %Calculate the value of Pi using MonteCarlo comparing the vo
lumes of a[] 
 []

[2]
Overfull \hbox (6.74693pt too wide) in paragraph at lines 119--119
[]\OT1/cmtt/m/n/10 Norm = sqrt(Vc(1,:).^2+Vc(2,:).^2+Vc(3,:).^2);%Magnitude of 
vectors[] 
 []


Overfull \hbox (64.49643pt too wide) in paragraph at lines 119--119
[]\OT1/cmtt/m/n/10 pointers = Norm<1;%The vectros with a magnitude less than 1,
 inside the sphere[] 
 []


Overfull \hbox (17.24684pt too wide) in paragraph at lines 119--119
[]\OT1/cmtt/m/n/10 % Vc_in = Vc(pointers);%The positions of the points inside t
he sphere[] 
 []


Overfull \hbox (10275.6574pt too wide) in paragraph at lines 155--155
[]\OT1/cmtt/m/n/10 2.94% Completed, Estimated remaining time 4252017.62 minutes
5.88% Completed, Estimated remaining time 160202.28 minutes8.82% Completed, Est
imated remaining time 63851.85 minutes11.76% Completed, Estimated remaining tim
e 55691.41 minutes14.71% Completed, Estimated remaining time 150968.10 minutes1
7.65% Completed, Estimated remaining time 4178.65 minutes20.59% Completed, Esti
mated remaining time 1552.45 minutes23.53% Completed, Estimated remaining time 
791.88 minutes26.47% Completed, Estimated remaining time 361.27 minutes29.41% C
ompleted, Estimated remaining time 214.75 minutes32.35% Completed, Estimated re
maining time 119.40 minutes35.29% Completed, Estimated remaining time 81.37 min
utes38.24% Completed, Estimated remaining time 74.45 minutes41.18% Completed, E
stimated remaining time 38943.19 minutes44.12% Completed, Estimated remaining t
ime 80.02 minutes47.06% Completed, Estimated remaining time 40.47 minutes50.00%
 Completed, Estimated remaining time 44.84 minutes52.94% Completed, Estimated r
emaining time 39.87 minutes55.88% Completed, Estimated remaining time 38.13 min
utes58.82% Completed, Estimated remaining time 37.22 minutes61.76% Completed, E
stimated remaining time 44.83 minutes64.71% Completed, Estimated remaining time
 50.88 minutes67.65% Completed, Estimated remaining time 49.32 minutes70.59% Co
mpleted, Estimated remaining time 48.65 minutes73.53% Completed, Estimated rema
ining time 82.84 minutes76.47% Completed, Estimated remaining time 55.71 minute
s79.41% Completed, Estimated remaining time 50.73 minutes82.35% Completed, Esti
mated remaining time 49.20 minutes85.29% Completed, Estimated remaining time 47
.03 minutes88.24% Completed, Estimated remaining time 43.05 minutes91.18% Compl
eted, Estimated remaining time 40.26 minutes94.12% Completed, Estimated remaini
ng time 37.48 minutes97.06% Completed, Estimated remaining time 31.23 minutes10
0.00% Completed, Estimated remaining time 19.92 minutesCalculated Pi is 6.00000
000 with a Standard Error of 0.00000000 and actual Pi is 3.14159265 
 []


Overfull \hbox (132.74583pt too wide) in paragraph at lines 155--155
[]\OT1/cmtt/m/n/10 Calculated Pi is 1.50000000 with a Standard Error of 1.50000
000 and actual Pi is 3.14159265[] 
 []


Overfull \hbox (132.74583pt too wide) in paragraph at lines 155--155
[]\OT1/cmtt/m/n/10 Calculated Pi is 3.00000000 with a Standard Error of 1.13389
342 and actual Pi is 3.14159265[] 
 []


Overfull \hbox (132.74583pt too wide) in paragraph at lines 155--155
[]\OT1/cmtt/m/n/10 Calculated Pi is 4.50000000 with a Standard Error of 0.67082
039 and actual Pi is 3.14159265[] 
 []


Overfull \hbox (132.74583pt too wide) in paragraph at lines 155--155
[]\OT1/cmtt/m/n/10 Calculated Pi is 2.43750000 with a Standard Error of 0.52925
979 and actual Pi is 3.14159265[] 
 []


Overfull \hbox (132.74583pt too wide) in paragraph at lines 155--155
[]\OT1/cmtt/m/n/10 Calculated Pi is 3.00000000 with a Standard Error of 0.37796
447 and actual Pi is 3.14159265[] 
 []


Overfull \hbox (132.74583pt too wide) in paragraph at lines 155--155
[]\OT1/cmtt/m/n/10 Calculated Pi is 3.51562500 with a Standard Error of 0.26224
547 and actual Pi is 3.14159265[] 
 []


Overfull \hbox (132.74583pt too wide) in paragraph at lines 155--155
[]\OT1/cmtt/m/n/10 Calculated Pi is 3.37500000 with a Standard Error of 0.18639
380 and actual Pi is 3.14159265[] 
 []


Overfull \hbox (132.74583pt too wide) in paragraph at lines 155--155
[]\OT1/cmtt/m/n/10 Calculated Pi is 3.16406250 with a Standard Error of 0.13251
359 and actual Pi is 3.14159265[] 
 []


Overfull \hbox (132.74583pt too wide) in paragraph at lines 155--155
[]\OT1/cmtt/m/n/10 Calculated Pi is 3.38085938 with a Standard Error of 0.09303
688 and actual Pi is 3.14159265[] 
 []


Overfull \hbox (132.74583pt too wide) in paragraph at lines 155--155
[]\OT1/cmtt/m/n/10 Calculated Pi is 3.04980469 with a Standard Error of 0.06629
831 and actual Pi is 3.14159265[] 
 []


Overfull \hbox (132.74583pt too wide) in paragraph at lines 155--155
[]\OT1/cmtt/m/n/10 Calculated Pi is 3.15673828 with a Standard Error of 0.04681
670 and actual Pi is 3.14159265[] 
 []


Overfull \hbox (132.74583pt too wide) in paragraph at lines 155--155
[]\OT1/cmtt/m/n/10 Calculated Pi is 3.12304688 with a Standard Error of 0.03311
976 and actual Pi is 3.14159265[] 
 []


Overfull \hbox (132.74583pt too wide) in paragraph at lines 155--155
[]\OT1/cmtt/m/n/10 Calculated Pi is 3.14794922 with a Standard Error of 0.02340
970 and actual Pi is 3.14159265[] 
 []


Overfull \hbox (132.74583pt too wide) in paragraph at lines 155--155
[]\OT1/cmtt/m/n/10 Calculated Pi is 3.15673828 with a Standard Error of 0.01655
043 and actual Pi is 3.14159265[] 
 []


Overfull \hbox (132.74583pt too wide) in paragraph at lines 155--155
[]\OT1/cmtt/m/n/10 Calculated Pi is 3.13751221 with a Standard Error of 0.01170
652 and actual Pi is 3.14159265[] 
 []


Overfull \hbox (132.74583pt too wide) in paragraph at lines 155--155
[]\OT1/cmtt/m/n/10 Calculated Pi is 3.14328003 with a Standard Error of 0.00827
698 and actual Pi is 3.14159265[] 
 []


Overfull \hbox (132.74583pt too wide) in paragraph at lines 155--155
[]\OT1/cmtt/m/n/10 Calculated Pi is 3.14435577 with a Standard Error of 0.00585
260 and actual Pi is 3.14159265[] 
 []


Overfull \hbox (132.74583pt too wide) in paragraph at lines 155--155
[]\OT1/cmtt/m/n/10 Calculated Pi is 3.14720535 with a Standard Error of 0.00413
822 and actual Pi is 3.14159265[] 
 []


Overfull \hbox (132.74583pt too wide) in paragraph at lines 155--155
[]\OT1/cmtt/m/n/10 Calculated Pi is 3.14473343 with a Standard Error of 0.00292
628 and actual Pi is 3.14159265[] 
 []


Overfull \hbox (132.74583pt too wide) in paragraph at lines 155--155
[]\OT1/cmtt/m/n/10 Calculated Pi is 3.14034462 with a Standard Error of 0.00206
933 and actual Pi is 3.14159265[] 
 []


Overfull \hbox (132.74583pt too wide) in paragraph at lines 155--155
[]\OT1/cmtt/m/n/10 Calculated Pi is 3.14305401 with a Standard Error of 0.00146
318 and actual Pi is 3.14159265[] 
 []


Overfull \hbox (132.74583pt too wide) in paragraph at lines 155--155
[]\OT1/cmtt/m/n/10 Calculated Pi is 3.14205694 with a Standard Error of 0.00103
464 and actual Pi is 3.14159265[] 
 []


Overfull \hbox (132.74583pt too wide) in paragraph at lines 155--155
[]\OT1/cmtt/m/n/10 Calculated Pi is 3.14044547 with a Standard Error of 0.00073
162 and actual Pi is 3.14159265[] 
 []


Overfull \hbox (132.74583pt too wide) in paragraph at lines 155--155
[]\OT1/cmtt/m/n/10 Calculated Pi is 3.14145023 with a Standard Error of 0.00051
732 and actual Pi is 3.14159265[] 
 []


Overfull \hbox (132.74583pt too wide) in paragraph at lines 155--155
[]\OT1/cmtt/m/n/10 Calculated Pi is 3.14125451 with a Standard Error of 0.00036
580 and actual Pi is 3.14159265[] 
 []


Overfull \hbox (132.74583pt too wide) in paragraph at lines 155--155
[]\OT1/cmtt/m/n/10 Calculated Pi is 3.14145362 with a Standard Error of 0.00025
866 and actual Pi is 3.14159265[] 
 []


Overfull \hbox (132.74583pt too wide) in paragraph at lines 155--155
[]\OT1/cmtt/m/n/10 Calculated Pi is 3.14208392 with a Standard Error of 0.00018
290 and actual Pi is 3.14159265[] 
 []


Overfull \hbox (132.74583pt too wide) in paragraph at lines 155--155
[]\OT1/cmtt/m/n/10 Calculated Pi is 3.14140635 with a Standard Error of 0.00012
933 and actual Pi is 3.14159265[] 
 []


Overfull \hbox (132.74583pt too wide) in paragraph at lines 155--155
[]\OT1/cmtt/m/n/10 Calculated Pi is 3.14149252 with a Standard Error of 0.00009
145 and actual Pi is 3.14159265[] 
 []


Overfull \hbox (132.74583pt too wide) in paragraph at lines 155--155
[]\OT1/cmtt/m/n/10 Calculated Pi is 3.14168158 with a Standard Error of 0.00006
467 and actual Pi is 3.14159265[] 
 []


Overfull \hbox (132.74583pt too wide) in paragraph at lines 155--155
[]\OT1/cmtt/m/n/10 Calculated Pi is 3.14157585 with a Standard Error of 0.00004
573 and actual Pi is 3.14159265[] 
 []


Overfull \hbox (132.74583pt too wide) in paragraph at lines 155--155
[]\OT1/cmtt/m/n/10 Calculated Pi is 3.14157859 with a Standard Error of 0.00003
233 and actual Pi is 3.14159265[] 
 []


Overfull \hbox (132.74583pt too wide) in paragraph at lines 155--155
[]\OT1/cmtt/m/n/10 Calculated Pi is 3.14159870 with a Standard Error of 0.00002
286 and actual Pi is 3.14159265[] 
 []

Package epstopdf Info: Source file: <Pi_sphere_01.eps>
(epstopdf)                    date: 2018-12-15 06:27:04
(epstopdf)                    size: 1540869 bytes
(epstopdf)             Output file: <Pi_sphere_01-eps-converted-to.pdf>
(epstopdf)                    date: 2018-12-15 12:47:41
(epstopdf)                    size: 714409 bytes
(epstopdf)             Command: <repstopdf --outfile=Pi_sphere_01-eps-converted
-to.pdf Pi_sphere_01.eps>
(epstopdf)             \includegraphics on input line 157.
Package epstopdf Info: Output file is already uptodate.


pdfTeX warning: pdflatex (file ./Pi_sphere_01-eps-converted-to.pdf): PDF inclus
ion: found PDF version <1.7>, but at most version <1.5> allowed
<Pi_sphere_01-eps-converted-to.pdf, id=11, 368.37625pt x 286.06876pt>
File: Pi_sphere_01-eps-converted-to.pdf Graphic file (type pdf)
<use Pi_sphere_01-eps-converted-to.pdf>
Package pdftex.def Info: Pi_sphere_01-eps-converted-to.pdf  used on input line 
157.
(pdftex.def)             Requested size: 289.07999pt x 224.48589pt.
[3]
Package epstopdf Info: Source file: <Pi_sphere_02.eps>
(epstopdf)                    date: 2018-12-15 06:27:05
(epstopdf)                    size: 71794 bytes
(epstopdf)             Output file: <Pi_sphere_02-eps-converted-to.pdf>
(epstopdf)                    date: 2018-12-15 12:47:42
(epstopdf)                    size: 14589 bytes
(epstopdf)             Command: <repstopdf --outfile=Pi_sphere_02-eps-converted
-to.pdf Pi_sphere_02.eps>
(epstopdf)             \includegraphics on input line 159.
Package epstopdf Info: Output file is already uptodate.


pdfTeX warning: pdflatex (file ./Pi_sphere_02-eps-converted-to.pdf): PDF inclus
ion: found PDF version <1.7>, but at most version <1.5> allowed
<Pi_sphere_02-eps-converted-to.pdf, id=15, 372.39125pt x 304.13625pt>
File: Pi_sphere_02-eps-converted-to.pdf Graphic file (type pdf)
<use Pi_sphere_02-eps-converted-to.pdf>
Package pdftex.def Info: Pi_sphere_02-eps-converted-to.pdf  used on input line 
159.
(pdftex.def)             Requested size: 289.07999pt x 236.10225pt.
Package epstopdf Info: Source file: <Pi_sphere_03.eps>
(epstopdf)                    date: 2018-12-15 06:27:06
(epstopdf)                    size: 55986 bytes
(epstopdf)             Output file: <Pi_sphere_03-eps-converted-to.pdf>
(epstopdf)                    date: 2018-12-15 12:47:42
(epstopdf)                    size: 11616 bytes
(epstopdf)             Command: <repstopdf --outfile=Pi_sphere_03-eps-converted
-to.pdf Pi_sphere_03.eps>
(epstopdf)             \includegraphics on input line 161.
Package epstopdf Info: Output file is already uptodate.


pdfTeX warning: pdflatex (file ./Pi_sphere_03-eps-converted-to.pdf): PDF inclus
ion: found PDF version <1.7>, but at most version <1.5> allowed
<Pi_sphere_03-eps-converted-to.pdf, id=16, 404.51125pt x 304.13625pt>
File: Pi_sphere_03-eps-converted-to.pdf Graphic file (type pdf)
<use Pi_sphere_03-eps-converted-to.pdf>
Package pdftex.def Info: Pi_sphere_03-eps-converted-to.pdf  used on input line 
161.
(pdftex.def)             Requested size: 289.07999pt x 217.34903pt.
[4 <./Pi_sphere_01-eps-converted-to.pdf> <./Pi_sphere_02-eps-converted-to.pdf>]
[5 <./Pi_sphere_03-eps-converted-to.pdf>] (./Pi_sphere.aux) ) 
Here is how much of TeX's memory you used:
 1473 strings out of 494880
 21589 string characters out of 6179600
 79496 words of memory out of 5000000
 4807 multiletter control sequences out of 15000+600000
 3808 words of font info for 15 fonts, out of 8000000 for 9000
 36 hyphenation exceptions out of 8191
 41i,6n,25p,2098b,245s stack positions out of 5000i,500n,10000p,200000b,80000s
</usr/share/texliv
e/texmf-dist/fonts/type1/public/amsfonts/cm/cmr10.pfb></usr/share/texlive/texmf
-dist/fonts/type1/public/amsfonts/cm/cmtt10.pfb>
Output written on Pi_sphere.pdf (5 pages, 761890 bytes).
PDF statistics:
 55 PDF objects out of 1000 (max. 8388607)
 36 compressed objects within 1 object stream
 0 named destinations out of 1000 (max. 500000)
 16 words of extra memory for PDF output out of 10000 (max. 10000000)

